{"/Users/paulregnart/Christmas Quiz/backend/server.js": {"path":"/Users/paulregnart/Christmas Quiz/backend/server.js","statementMap":{"0":{"start":{"line":1,"column":16},"end":{"line":1,"column":34}},"1":{"start":{"line":2,"column":13},"end":{"line":2,"column":28}},"2":{"start":{"line":3,"column":17},"end":{"line":3,"column":37}},"3":{"start":{"line":4,"column":13},"end":{"line":4,"column":28}},"4":{"start":{"line":5,"column":23},"end":{"line":5,"column":38}},"5":{"start":{"line":6,"column":18},"end":{"line":6,"column":45}},"6":{"start":{"line":8,"column":12},"end":{"line":8,"column":21}},"7":{"start":{"line":9,"column":15},"end":{"line":9,"column":37}},"8":{"start":{"line":10,"column":11},"end":{"line":15,"column":2}},"9":{"start":{"line":18,"column":20},"end":{"line":20,"column":83}},"10":{"start":{"line":22,"column":0},"end":{"line":22,"column":27}},"11":{"start":{"line":23,"column":0},"end":{"line":23,"column":24}},"12":{"start":{"line":26,"column":16},"end":{"line":44,"column":1}},"13":{"start":{"line":47,"column":20},"end":{"line":47,"column":24}},"14":{"start":{"line":50,"column":19},"end":{"line":61,"column":1}},"15":{"start":{"line":63,"column":20},"end":{"line":63,"column":87}},"16":{"start":{"line":66,"column":0},"end":{"line":79,"column":1}},"17":{"start":{"line":67,"column":2},"end":{"line":67,"column":44}},"18":{"start":{"line":68,"column":2},"end":{"line":68,"column":66}},"19":{"start":{"line":69,"column":2},"end":{"line":69,"column":66}},"20":{"start":{"line":70,"column":2},"end":{"line":70,"column":66}},"21":{"start":{"line":71,"column":2},"end":{"line":71,"column":66}},"22":{"start":{"line":72,"column":2},"end":{"line":72,"column":66}},"23":{"start":{"line":73,"column":2},"end":{"line":73,"column":66}},"24":{"start":{"line":74,"column":2},"end":{"line":74,"column":66}},"25":{"start":{"line":75,"column":2},"end":{"line":75,"column":66}},"26":{"start":{"line":76,"column":2},"end":{"line":76,"column":66}},"27":{"start":{"line":77,"column":2},"end":{"line":77,"column":67}},"28":{"start":{"line":78,"column":2},"end":{"line":78,"column":44}},"29":{"start":{"line":82,"column":0},"end":{"line":98,"column":3}},"30":{"start":{"line":83,"column":2},"end":{"line":97,"column":5}},"31":{"start":{"line":100,"column":0},"end":{"line":113,"column":3}},"32":{"start":{"line":101,"column":2},"end":{"line":112,"column":5}},"33":{"start":{"line":115,"column":0},"end":{"line":117,"column":3}},"34":{"start":{"line":116,"column":2},"end":{"line":116,"column":22}},"35":{"start":{"line":119,"column":0},"end":{"line":121,"column":3}},"36":{"start":{"line":120,"column":2},"end":{"line":120,"column":22}},"37":{"start":{"line":123,"column":0},"end":{"line":164,"column":3}},"38":{"start":{"line":124,"column":28},"end":{"line":124,"column":36}},"39":{"start":{"line":126,"column":2},"end":{"line":163,"column":3}},"40":{"start":{"line":127,"column":4},"end":{"line":127,"column":44}},"41":{"start":{"line":128,"column":4},"end":{"line":128,"column":57}},"42":{"start":{"line":129,"column":4},"end":{"line":129,"column":36}},"43":{"start":{"line":130,"column":4},"end":{"line":130,"column":38}},"44":{"start":{"line":131,"column":4},"end":{"line":131,"column":33}},"45":{"start":{"line":133,"column":4},"end":{"line":135,"column":5}},"46":{"start":{"line":134,"column":6},"end":{"line":134,"column":35}},"47":{"start":{"line":137,"column":4},"end":{"line":139,"column":7}},"48":{"start":{"line":138,"column":6},"end":{"line":138,"column":44}},"49":{"start":{"line":141,"column":4},"end":{"line":147,"column":7}},"50":{"start":{"line":149,"column":4},"end":{"line":158,"column":13}},"51":{"start":{"line":150,"column":6},"end":{"line":150,"column":32}},"52":{"start":{"line":151,"column":6},"end":{"line":151,"column":74}},"53":{"start":{"line":153,"column":6},"end":{"line":157,"column":7}},"54":{"start":{"line":154,"column":8},"end":{"line":154,"column":37}},"55":{"start":{"line":155,"column":8},"end":{"line":155,"column":41}},"56":{"start":{"line":156,"column":8},"end":{"line":156,"column":27}},"57":{"start":{"line":160,"column":4},"end":{"line":160,"column":82}},"58":{"start":{"line":162,"column":4},"end":{"line":162,"column":80}},"59":{"start":{"line":166,"column":0},"end":{"line":195,"column":3}},"60":{"start":{"line":167,"column":2},"end":{"line":194,"column":3}},"61":{"start":{"line":168,"column":4},"end":{"line":170,"column":5}},"62":{"start":{"line":169,"column":6},"end":{"line":169,"column":35}},"63":{"start":{"line":172,"column":4},"end":{"line":172,"column":37}},"64":{"start":{"line":173,"column":4},"end":{"line":173,"column":37}},"65":{"start":{"line":175,"column":26},"end":{"line":175,"column":65}},"66":{"start":{"line":177,"column":4},"end":{"line":181,"column":7}},"67":{"start":{"line":178,"column":6},"end":{"line":180,"column":7}},"68":{"start":{"line":179,"column":8},"end":{"line":179,"column":45}},"69":{"start":{"line":183,"column":4},"end":{"line":187,"column":7}},"70":{"start":{"line":189,"column":4},"end":{"line":189,"column":54}},"71":{"start":{"line":191,"column":4},"end":{"line":191,"column":71}},"72":{"start":{"line":193,"column":4},"end":{"line":193,"column":76}},"73":{"start":{"line":197,"column":0},"end":{"line":219,"column":3}},"74":{"start":{"line":198,"column":2},"end":{"line":200,"column":3}},"75":{"start":{"line":199,"column":4},"end":{"line":199,"column":33}},"76":{"start":{"line":202,"column":2},"end":{"line":202,"column":35}},"77":{"start":{"line":203,"column":2},"end":{"line":203,"column":31}},"78":{"start":{"line":204,"column":2},"end":{"line":204,"column":35}},"79":{"start":{"line":205,"column":2},"end":{"line":205,"column":36}},"80":{"start":{"line":206,"column":2},"end":{"line":206,"column":31}},"81":{"start":{"line":208,"column":2},"end":{"line":213,"column":5}},"82":{"start":{"line":209,"column":4},"end":{"line":209,"column":38}},"83":{"start":{"line":210,"column":4},"end":{"line":210,"column":38}},"84":{"start":{"line":211,"column":4},"end":{"line":211,"column":42}},"85":{"start":{"line":212,"column":4},"end":{"line":212,"column":46}},"86":{"start":{"line":215,"column":2},"end":{"line":215,"column":24}},"87":{"start":{"line":216,"column":2},"end":{"line":216,"column":52}},"88":{"start":{"line":218,"column":2},"end":{"line":218,"column":66}},"89":{"start":{"line":222,"column":0},"end":{"line":377,"column":3}},"90":{"start":{"line":223,"column":2},"end":{"line":223,"column":50}},"91":{"start":{"line":226,"column":2},"end":{"line":231,"column":5}},"92":{"start":{"line":227,"column":4},"end":{"line":227,"column":30}},"93":{"start":{"line":228,"column":4},"end":{"line":228,"column":41}},"94":{"start":{"line":229,"column":4},"end":{"line":229,"column":41}},"95":{"start":{"line":230,"column":4},"end":{"line":230,"column":37}},"96":{"start":{"line":234,"column":2},"end":{"line":253,"column":5}},"97":{"start":{"line":235,"column":19},"end":{"line":235,"column":81}},"98":{"start":{"line":235,"column":55},"end":{"line":235,"column":80}},"99":{"start":{"line":237,"column":4},"end":{"line":252,"column":5}},"100":{"start":{"line":238,"column":6},"end":{"line":238,"column":26}},"101":{"start":{"line":239,"column":6},"end":{"line":239,"column":29}},"102":{"start":{"line":240,"column":6},"end":{"line":240,"column":46}},"103":{"start":{"line":241,"column":6},"end":{"line":241,"column":47}},"104":{"start":{"line":243,"column":6},"end":{"line":243,"column":55}},"105":{"start":{"line":244,"column":6},"end":{"line":244,"column":43}},"106":{"start":{"line":247,"column":6},"end":{"line":247,"column":56}},"107":{"start":{"line":249,"column":6},"end":{"line":249,"column":53}},"108":{"start":{"line":251,"column":6},"end":{"line":251,"column":49}},"109":{"start":{"line":256,"column":2},"end":{"line":298,"column":5}},"110":{"start":{"line":257,"column":4},"end":{"line":297,"column":5}},"111":{"start":{"line":258,"column":6},"end":{"line":258,"column":46}},"112":{"start":{"line":259,"column":6},"end":{"line":259,"column":59}},"113":{"start":{"line":260,"column":6},"end":{"line":260,"column":38}},"114":{"start":{"line":261,"column":6},"end":{"line":261,"column":40}},"115":{"start":{"line":262,"column":6},"end":{"line":262,"column":35}},"116":{"start":{"line":265,"column":6},"end":{"line":267,"column":7}},"117":{"start":{"line":266,"column":8},"end":{"line":266,"column":37}},"118":{"start":{"line":270,"column":6},"end":{"line":272,"column":9}},"119":{"start":{"line":271,"column":8},"end":{"line":271,"column":46}},"120":{"start":{"line":275,"column":6},"end":{"line":281,"column":9}},"121":{"start":{"line":284,"column":6},"end":{"line":294,"column":15}},"122":{"start":{"line":285,"column":8},"end":{"line":285,"column":34}},"123":{"start":{"line":286,"column":8},"end":{"line":286,"column":76}},"124":{"start":{"line":288,"column":8},"end":{"line":293,"column":9}},"125":{"start":{"line":289,"column":10},"end":{"line":289,"column":39}},"126":{"start":{"line":290,"column":10},"end":{"line":290,"column":43}},"127":{"start":{"line":291,"column":10},"end":{"line":291,"column":29}},"128":{"start":{"line":292,"column":10},"end":{"line":292,"column":37}},"129":{"start":{"line":296,"column":6},"end":{"line":296,"column":80}},"130":{"start":{"line":301,"column":2},"end":{"line":313,"column":5}},"131":{"start":{"line":302,"column":4},"end":{"line":312,"column":5}},"132":{"start":{"line":303,"column":6},"end":{"line":303,"column":46}},"133":{"start":{"line":306,"column":6},"end":{"line":306,"column":56}},"134":{"start":{"line":309,"column":6},"end":{"line":309,"column":38}},"135":{"start":{"line":311,"column":6},"end":{"line":311,"column":73}},"136":{"start":{"line":316,"column":2},"end":{"line":346,"column":5}},"137":{"start":{"line":317,"column":4},"end":{"line":345,"column":5}},"138":{"start":{"line":319,"column":6},"end":{"line":321,"column":7}},"139":{"start":{"line":320,"column":8},"end":{"line":320,"column":37}},"140":{"start":{"line":323,"column":6},"end":{"line":323,"column":39}},"141":{"start":{"line":324,"column":6},"end":{"line":324,"column":39}},"142":{"start":{"line":326,"column":28},"end":{"line":326,"column":67}},"143":{"start":{"line":329,"column":6},"end":{"line":333,"column":9}},"144":{"start":{"line":330,"column":8},"end":{"line":332,"column":9}},"145":{"start":{"line":331,"column":10},"end":{"line":331,"column":47}},"146":{"start":{"line":336,"column":6},"end":{"line":340,"column":9}},"147":{"start":{"line":342,"column":6},"end":{"line":342,"column":56}},"148":{"start":{"line":344,"column":6},"end":{"line":344,"column":72}},"149":{"start":{"line":349,"column":2},"end":{"line":372,"column":5}},"150":{"start":{"line":351,"column":4},"end":{"line":353,"column":5}},"151":{"start":{"line":352,"column":6},"end":{"line":352,"column":35}},"152":{"start":{"line":355,"column":4},"end":{"line":355,"column":37}},"153":{"start":{"line":356,"column":4},"end":{"line":356,"column":33}},"154":{"start":{"line":357,"column":4},"end":{"line":357,"column":37}},"155":{"start":{"line":358,"column":4},"end":{"line":358,"column":38}},"156":{"start":{"line":359,"column":4},"end":{"line":359,"column":33}},"157":{"start":{"line":361,"column":4},"end":{"line":366,"column":7}},"158":{"start":{"line":362,"column":6},"end":{"line":362,"column":40}},"159":{"start":{"line":363,"column":6},"end":{"line":363,"column":40}},"160":{"start":{"line":364,"column":6},"end":{"line":364,"column":44}},"161":{"start":{"line":365,"column":6},"end":{"line":365,"column":48}},"162":{"start":{"line":368,"column":4},"end":{"line":368,"column":26}},"163":{"start":{"line":369,"column":4},"end":{"line":369,"column":54}},"164":{"start":{"line":371,"column":4},"end":{"line":371,"column":30}},"165":{"start":{"line":374,"column":2},"end":{"line":376,"column":5}},"166":{"start":{"line":375,"column":4},"end":{"line":375,"column":51}},"167":{"start":{"line":379,"column":13},"end":{"line":379,"column":37}},"168":{"start":{"line":382,"column":0},"end":{"line":386,"column":1}},"169":{"start":{"line":383,"column":2},"end":{"line":385,"column":5}},"170":{"start":{"line":384,"column":4},"end":{"line":384,"column":50}},"171":{"start":{"line":389,"column":0},"end":{"line":389,"column":24}}},"fnMap":{"0":{"name":"(anonymous_0)","decl":{"start":{"line":82,"column":13},"end":{"line":82,"column":14}},"loc":{"start":{"line":82,"column":27},"end":{"line":98,"column":1}},"line":82},"1":{"name":"(anonymous_1)","decl":{"start":{"line":100,"column":26},"end":{"line":100,"column":27}},"loc":{"start":{"line":100,"column":40},"end":{"line":113,"column":1}},"line":100},"2":{"name":"(anonymous_2)","decl":{"start":{"line":115,"column":26},"end":{"line":115,"column":27}},"loc":{"start":{"line":115,"column":40},"end":{"line":117,"column":1}},"line":115},"3":{"name":"(anonymous_3)","decl":{"start":{"line":119,"column":27},"end":{"line":119,"column":28}},"loc":{"start":{"line":119,"column":41},"end":{"line":121,"column":1}},"line":119},"4":{"name":"(anonymous_4)","decl":{"start":{"line":123,"column":32},"end":{"line":123,"column":33}},"loc":{"start":{"line":123,"column":46},"end":{"line":164,"column":1}},"line":123},"5":{"name":"(anonymous_5)","decl":{"start":{"line":137,"column":41},"end":{"line":137,"column":42}},"loc":{"start":{"line":137,"column":51},"end":{"line":139,"column":5}},"line":137},"6":{"name":"(anonymous_6)","decl":{"start":{"line":149,"column":32},"end":{"line":149,"column":33}},"loc":{"start":{"line":149,"column":38},"end":{"line":158,"column":5}},"line":149},"7":{"name":"(anonymous_7)","decl":{"start":{"line":166,"column":32},"end":{"line":166,"column":33}},"loc":{"start":{"line":166,"column":46},"end":{"line":195,"column":1}},"line":166},"8":{"name":"(anonymous_8)","decl":{"start":{"line":177,"column":41},"end":{"line":177,"column":42}},"loc":{"start":{"line":177,"column":51},"end":{"line":181,"column":5}},"line":177},"9":{"name":"(anonymous_9)","decl":{"start":{"line":197,"column":28},"end":{"line":197,"column":29}},"loc":{"start":{"line":197,"column":42},"end":{"line":219,"column":1}},"line":197},"10":{"name":"(anonymous_10)","decl":{"start":{"line":208,"column":39},"end":{"line":208,"column":40}},"loc":{"start":{"line":208,"column":49},"end":{"line":213,"column":3}},"line":208},"11":{"name":"(anonymous_11)","decl":{"start":{"line":222,"column":20},"end":{"line":222,"column":21}},"loc":{"start":{"line":222,"column":32},"end":{"line":377,"column":1}},"line":222},"12":{"name":"(anonymous_12)","decl":{"start":{"line":226,"column":31},"end":{"line":226,"column":32}},"loc":{"start":{"line":226,"column":37},"end":{"line":231,"column":3}},"line":226},"13":{"name":"(anonymous_13)","decl":{"start":{"line":234,"column":25},"end":{"line":234,"column":26}},"loc":{"start":{"line":234,"column":50},"end":{"line":253,"column":3}},"line":234},"14":{"name":"(anonymous_14)","decl":{"start":{"line":235,"column":48},"end":{"line":235,"column":49}},"loc":{"start":{"line":235,"column":55},"end":{"line":235,"column":80}},"line":235},"15":{"name":"(anonymous_15)","decl":{"start":{"line":256,"column":30},"end":{"line":256,"column":31}},"loc":{"start":{"line":256,"column":49},"end":{"line":298,"column":3}},"line":256},"16":{"name":"(anonymous_16)","decl":{"start":{"line":270,"column":43},"end":{"line":270,"column":44}},"loc":{"start":{"line":270,"column":53},"end":{"line":272,"column":7}},"line":270},"17":{"name":"(anonymous_17)","decl":{"start":{"line":284,"column":34},"end":{"line":284,"column":35}},"loc":{"start":{"line":284,"column":40},"end":{"line":294,"column":7}},"line":284},"18":{"name":"(anonymous_18)","decl":{"start":{"line":301,"column":29},"end":{"line":301,"column":30}},"loc":{"start":{"line":301,"column":53},"end":{"line":313,"column":3}},"line":301},"19":{"name":"(anonymous_19)","decl":{"start":{"line":316,"column":30},"end":{"line":316,"column":31}},"loc":{"start":{"line":316,"column":36},"end":{"line":346,"column":3}},"line":316},"20":{"name":"(anonymous_20)","decl":{"start":{"line":329,"column":43},"end":{"line":329,"column":44}},"loc":{"start":{"line":329,"column":53},"end":{"line":333,"column":7}},"line":329},"21":{"name":"(anonymous_21)","decl":{"start":{"line":349,"column":26},"end":{"line":349,"column":27}},"loc":{"start":{"line":349,"column":32},"end":{"line":372,"column":3}},"line":349},"22":{"name":"(anonymous_22)","decl":{"start":{"line":361,"column":41},"end":{"line":361,"column":42}},"loc":{"start":{"line":361,"column":51},"end":{"line":366,"column":5}},"line":361},"23":{"name":"(anonymous_23)","decl":{"start":{"line":374,"column":26},"end":{"line":374,"column":27}},"loc":{"start":{"line":374,"column":32},"end":{"line":376,"column":3}},"line":374},"24":{"name":"(anonymous_24)","decl":{"start":{"line":383,"column":22},"end":{"line":383,"column":23}},"loc":{"start":{"line":383,"column":28},"end":{"line":385,"column":3}},"line":383}},"branchMap":{"0":{"loc":{"start":{"line":12,"column":12},"end":{"line":12,"column":121}},"type":"cond-expr","locations":[{"start":{"line":12,"column":46},"end":{"line":12,"column":49}},{"start":{"line":12,"column":53},"end":{"line":12,"column":120}}],"line":12},"1":{"loc":{"start":{"line":12,"column":53},"end":{"line":12,"column":120}},"type":"binary-expr","locations":[{"start":{"line":12,"column":53},"end":{"line":12,"column":77}},{"start":{"line":12,"column":81},"end":{"line":12,"column":120}}],"line":12},"2":{"loc":{"start":{"line":18,"column":20},"end":{"line":20,"column":83}},"type":"cond-expr","locations":[{"start":{"line":19,"column":4},"end":{"line":19,"column":20}},{"start":{"line":20,"column":4},"end":{"line":20,"column":83}}],"line":18},"3":{"loc":{"start":{"line":20,"column":14},"end":{"line":20,"column":81}},"type":"binary-expr","locations":[{"start":{"line":20,"column":14},"end":{"line":20,"column":38}},{"start":{"line":20,"column":42},"end":{"line":20,"column":81}}],"line":20},"4":{"loc":{"start":{"line":63,"column":20},"end":{"line":63,"column":87}},"type":"binary-expr","locations":[{"start":{"line":63,"column":20},"end":{"line":63,"column":44}},{"start":{"line":63,"column":48},"end":{"line":63,"column":87}}],"line":63},"5":{"loc":{"start":{"line":66,"column":0},"end":{"line":79,"column":1}},"type":"if","locations":[{"start":{"line":66,"column":0},"end":{"line":79,"column":1}},{"start":{},"end":{}}],"line":66},"6":{"loc":{"start":{"line":126,"column":2},"end":{"line":163,"column":3}},"type":"if","locations":[{"start":{"line":126,"column":2},"end":{"line":163,"column":3}},{"start":{"line":161,"column":9},"end":{"line":163,"column":3}}],"line":126},"7":{"loc":{"start":{"line":126,"column":6},"end":{"line":126,"column":60}},"type":"binary-expr","locations":[{"start":{"line":126,"column":6},"end":{"line":126,"column":24}},{"start":{"line":126,"column":28},"end":{"line":126,"column":60}}],"line":126},"8":{"loc":{"start":{"line":133,"column":4},"end":{"line":135,"column":5}},"type":"if","locations":[{"start":{"line":133,"column":4},"end":{"line":135,"column":5}},{"start":{},"end":{}}],"line":133},"9":{"loc":{"start":{"line":153,"column":6},"end":{"line":157,"column":7}},"type":"if","locations":[{"start":{"line":153,"column":6},"end":{"line":157,"column":7}},{"start":{},"end":{}}],"line":153},"10":{"loc":{"start":{"line":167,"column":2},"end":{"line":194,"column":3}},"type":"if","locations":[{"start":{"line":167,"column":2},"end":{"line":194,"column":3}},{"start":{"line":192,"column":9},"end":{"line":194,"column":3}}],"line":167},"11":{"loc":{"start":{"line":168,"column":4},"end":{"line":170,"column":5}},"type":"if","locations":[{"start":{"line":168,"column":4},"end":{"line":170,"column":5}},{"start":{},"end":{}}],"line":168},"12":{"loc":{"start":{"line":178,"column":6},"end":{"line":180,"column":7}},"type":"if","locations":[{"start":{"line":178,"column":6},"end":{"line":180,"column":7}},{"start":{},"end":{}}],"line":178},"13":{"loc":{"start":{"line":186,"column":19},"end":{"line":186,"column":62}},"type":"binary-expr","locations":[{"start":{"line":186,"column":19},"end":{"line":186,"column":56}},{"start":{"line":186,"column":60},"end":{"line":186,"column":62}}],"line":186},"14":{"loc":{"start":{"line":198,"column":2},"end":{"line":200,"column":3}},"type":"if","locations":[{"start":{"line":198,"column":2},"end":{"line":200,"column":3}},{"start":{},"end":{}}],"line":198},"15":{"loc":{"start":{"line":237,"column":4},"end":{"line":252,"column":5}},"type":"if","locations":[{"start":{"line":237,"column":4},"end":{"line":252,"column":5}},{"start":{"line":250,"column":11},"end":{"line":252,"column":5}}],"line":237},"16":{"loc":{"start":{"line":237,"column":8},"end":{"line":237,"column":41}},"type":"binary-expr","locations":[{"start":{"line":237,"column":8},"end":{"line":237,"column":14}},{"start":{"line":237,"column":18},"end":{"line":237,"column":41}}],"line":237},"17":{"loc":{"start":{"line":257,"column":4},"end":{"line":297,"column":5}},"type":"if","locations":[{"start":{"line":257,"column":4},"end":{"line":297,"column":5}},{"start":{},"end":{}}],"line":257},"18":{"loc":{"start":{"line":257,"column":8},"end":{"line":257,"column":62}},"type":"binary-expr","locations":[{"start":{"line":257,"column":8},"end":{"line":257,"column":26}},{"start":{"line":257,"column":30},"end":{"line":257,"column":62}}],"line":257},"19":{"loc":{"start":{"line":265,"column":6},"end":{"line":267,"column":7}},"type":"if","locations":[{"start":{"line":265,"column":6},"end":{"line":267,"column":7}},{"start":{},"end":{}}],"line":265},"20":{"loc":{"start":{"line":288,"column":8},"end":{"line":293,"column":9}},"type":"if","locations":[{"start":{"line":288,"column":8},"end":{"line":293,"column":9}},{"start":{},"end":{}}],"line":288},"21":{"loc":{"start":{"line":302,"column":4},"end":{"line":312,"column":5}},"type":"if","locations":[{"start":{"line":302,"column":4},"end":{"line":312,"column":5}},{"start":{},"end":{}}],"line":302},"22":{"loc":{"start":{"line":302,"column":8},"end":{"line":302,"column":59}},"type":"binary-expr","locations":[{"start":{"line":302,"column":8},"end":{"line":302,"column":32}},{"start":{"line":302,"column":36},"end":{"line":302,"column":59}}],"line":302},"23":{"loc":{"start":{"line":317,"column":4},"end":{"line":345,"column":5}},"type":"if","locations":[{"start":{"line":317,"column":4},"end":{"line":345,"column":5}},{"start":{},"end":{}}],"line":317},"24":{"loc":{"start":{"line":319,"column":6},"end":{"line":321,"column":7}},"type":"if","locations":[{"start":{"line":319,"column":6},"end":{"line":321,"column":7}},{"start":{},"end":{}}],"line":319},"25":{"loc":{"start":{"line":330,"column":8},"end":{"line":332,"column":9}},"type":"if","locations":[{"start":{"line":330,"column":8},"end":{"line":332,"column":9}},{"start":{},"end":{}}],"line":330},"26":{"loc":{"start":{"line":339,"column":21},"end":{"line":339,"column":64}},"type":"binary-expr","locations":[{"start":{"line":339,"column":21},"end":{"line":339,"column":58}},{"start":{"line":339,"column":62},"end":{"line":339,"column":64}}],"line":339},"27":{"loc":{"start":{"line":351,"column":4},"end":{"line":353,"column":5}},"type":"if","locations":[{"start":{"line":351,"column":4},"end":{"line":353,"column":5}},{"start":{},"end":{}}],"line":351},"28":{"loc":{"start":{"line":379,"column":13},"end":{"line":379,"column":37}},"type":"binary-expr","locations":[{"start":{"line":379,"column":13},"end":{"line":379,"column":29}},{"start":{"line":379,"column":33},"end":{"line":379,"column":37}}],"line":379},"29":{"loc":{"start":{"line":382,"column":0},"end":{"line":386,"column":1}},"type":"if","locations":[{"start":{"line":382,"column":0},"end":{"line":386,"column":1}},{"start":{},"end":{}}],"line":382}},"s":{"0":1,"1":1,"2":1,"3":1,"4":1,"5":1,"6":1,"7":1,"8":1,"9":1,"10":1,"11":1,"12":1,"13":1,"14":1,"15":1,"16":1,"17":0,"18":0,"19":0,"20":0,"21":0,"22":0,"23":0,"24":0,"25":0,"26":0,"27":0,"28":0,"29":1,"30":1,"31":1,"32":1,"33":1,"34":3,"35":1,"36":1,"37":1,"38":2,"39":2,"40":1,"41":1,"42":1,"43":1,"44":1,"45":1,"46":0,"47":1,"48":10,"49":1,"50":1,"51":0,"52":0,"53":0,"54":0,"55":0,"56":0,"57":1,"58":1,"59":1,"60":0,"61":0,"62":0,"63":0,"64":0,"65":0,"66":0,"67":0,"68":0,"69":0,"70":0,"71":0,"72":0,"73":1,"74":0,"75":0,"76":0,"77":0,"78":0,"79":0,"80":0,"81":0,"82":0,"83":0,"84":0,"85":0,"86":0,"87":0,"88":0,"89":1,"90":0,"91":0,"92":0,"93":0,"94":0,"95":0,"96":0,"97":0,"98":0,"99":0,"100":0,"101":0,"102":0,"103":0,"104":0,"105":0,"106":0,"107":0,"108":0,"109":0,"110":0,"111":0,"112":0,"113":0,"114":0,"115":0,"116":0,"117":0,"118":0,"119":0,"120":0,"121":0,"122":0,"123":0,"124":0,"125":0,"126":0,"127":0,"128":0,"129":0,"130":0,"131":0,"132":0,"133":0,"134":0,"135":0,"136":0,"137":0,"138":0,"139":0,"140":0,"141":0,"142":0,"143":0,"144":0,"145":0,"146":0,"147":0,"148":0,"149":0,"150":0,"151":0,"152":0,"153":0,"154":0,"155":0,"156":0,"157":0,"158":0,"159":0,"160":0,"161":0,"162":0,"163":0,"164":0,"165":0,"166":0,"167":1,"168":1,"169":0,"170":0,"171":1},"f":{"0":1,"1":1,"2":3,"3":1,"4":2,"5":10,"6":0,"7":0,"8":0,"9":0,"10":0,"11":0,"12":0,"13":0,"14":0,"15":0,"16":0,"17":0,"18":0,"19":0,"20":0,"21":0,"22":0,"23":0,"24":0},"b":{"0":[1,0],"1":[0,0],"2":[1,0],"3":[0,0],"4":[1,0],"5":[0,1],"6":[1,1],"7":[2,2],"8":[0,1],"9":[0,0],"10":[0,0],"11":[0,0],"12":[0,0],"13":[0,0],"14":[0,0],"15":[0,0],"16":[0,0],"17":[0,0],"18":[0,0],"19":[0,0],"20":[0,0],"21":[0,0],"22":[0,0],"23":[0,0],"24":[0,0],"25":[0,0],"26":[0,0],"27":[0,0],"28":[1,1],"29":[0,1]},"_coverageSchema":"1a1c01bbd47fc00a2c39e90264f33305004495a9","hash":"c06df9ccd4144303710eb6ae8d93c998725159a8"}
}
