TN:
SF:server.js
FN:82,(anonymous_0)
FN:100,(anonymous_1)
FN:115,(anonymous_2)
FN:119,(anonymous_3)
FN:123,(anonymous_4)
FN:137,(anonymous_5)
FN:149,(anonymous_6)
FN:166,(anonymous_7)
FN:177,(anonymous_8)
FN:197,(anonymous_9)
FN:208,(anonymous_10)
FN:222,(anonymous_11)
FN:226,(anonymous_12)
FN:234,(anonymous_13)
FN:235,(anonymous_14)
FN:256,(anonymous_15)
FN:270,(anonymous_16)
FN:284,(anonymous_17)
FN:301,(anonymous_18)
FN:316,(anonymous_19)
FN:329,(anonymous_20)
FN:349,(anonymous_21)
FN:361,(anonymous_22)
FN:374,(anonymous_23)
FN:383,(anonymous_24)
FNF:25
FNH:6
FNDA:1,(anonymous_0)
FNDA:1,(anonymous_1)
FNDA:3,(anonymous_2)
FNDA:1,(anonymous_3)
FNDA:2,(anonymous_4)
FNDA:10,(anonymous_5)
FNDA:0,(anonymous_6)
FNDA:0,(anonymous_7)
FNDA:0,(anonymous_8)
FNDA:0,(anonymous_9)
FNDA:0,(anonymous_10)
FNDA:0,(anonymous_11)
FNDA:0,(anonymous_12)
FNDA:0,(anonymous_13)
FNDA:0,(anonymous_14)
FNDA:0,(anonymous_15)
FNDA:0,(anonymous_16)
FNDA:0,(anonymous_17)
FNDA:0,(anonymous_18)
FNDA:0,(anonymous_19)
FNDA:0,(anonymous_20)
FNDA:0,(anonymous_21)
FNDA:0,(anonymous_22)
FNDA:0,(anonymous_23)
FNDA:0,(anonymous_24)
DA:1,1
DA:2,1
DA:3,1
DA:4,1
DA:5,1
DA:6,1
DA:8,1
DA:9,1
DA:10,1
DA:18,1
DA:22,1
DA:23,1
DA:26,1
DA:47,1
DA:50,1
DA:63,1
DA:66,1
DA:67,0
DA:68,0
DA:69,0
DA:70,0
DA:71,0
DA:72,0
DA:73,0
DA:74,0
DA:75,0
DA:76,0
DA:77,0
DA:78,0
DA:82,1
DA:83,1
DA:100,1
DA:101,1
DA:115,1
DA:116,3
DA:119,1
DA:120,1
DA:123,1
DA:124,2
DA:126,2
DA:127,1
DA:128,1
DA:129,1
DA:130,1
DA:131,1
DA:133,1
DA:134,0
DA:137,1
DA:138,10
DA:141,1
DA:149,1
DA:150,0
DA:151,0
DA:153,0
DA:154,0
DA:155,0
DA:156,0
DA:160,1
DA:162,1
DA:166,1
DA:167,0
DA:168,0
DA:169,0
DA:172,0
DA:173,0
DA:175,0
DA:177,0
DA:178,0
DA:179,0
DA:183,0
DA:189,0
DA:191,0
DA:193,0
DA:197,1
DA:198,0
DA:199,0
DA:202,0
DA:203,0
DA:204,0
DA:205,0
DA:206,0
DA:208,0
DA:209,0
DA:210,0
DA:211,0
DA:212,0
DA:215,0
DA:216,0
DA:218,0
DA:222,1
DA:223,0
DA:226,0
DA:227,0
DA:228,0
DA:229,0
DA:230,0
DA:234,0
DA:235,0
DA:237,0
DA:238,0
DA:239,0
DA:240,0
DA:241,0
DA:243,0
DA:244,0
DA:247,0
DA:249,0
DA:251,0
DA:256,0
DA:257,0
DA:258,0
DA:259,0
DA:260,0
DA:261,0
DA:262,0
DA:265,0
DA:266,0
DA:270,0
DA:271,0
DA:275,0
DA:284,0
DA:285,0
DA:286,0
DA:288,0
DA:289,0
DA:290,0
DA:291,0
DA:292,0
DA:296,0
DA:301,0
DA:302,0
DA:303,0
DA:306,0
DA:309,0
DA:311,0
DA:316,0
DA:317,0
DA:319,0
DA:320,0
DA:323,0
DA:324,0
DA:326,0
DA:329,0
DA:330,0
DA:331,0
DA:336,0
DA:342,0
DA:344,0
DA:349,0
DA:351,0
DA:352,0
DA:355,0
DA:356,0
DA:357,0
DA:358,0
DA:359,0
DA:361,0
DA:362,0
DA:363,0
DA:364,0
DA:365,0
DA:368,0
DA:369,0
DA:371,0
DA:374,0
DA:375,0
DA:379,1
DA:382,1
DA:383,0
DA:384,0
DA:389,1
LF:171
LH:46
BRDA:12,0,0,1
BRDA:12,0,1,0
BRDA:12,1,0,0
BRDA:12,1,1,0
BRDA:18,2,0,1
BRDA:18,2,1,0
BRDA:20,3,0,0
BRDA:20,3,1,0
BRDA:63,4,0,1
BRDA:63,4,1,0
BRDA:66,5,0,0
BRDA:66,5,1,1
BRDA:126,6,0,1
BRDA:126,6,1,1
BRDA:126,7,0,2
BRDA:126,7,1,2
BRDA:133,8,0,0
BRDA:133,8,1,1
BRDA:153,9,0,0
BRDA:153,9,1,0
BRDA:167,10,0,0
BRDA:167,10,1,0
BRDA:168,11,0,0
BRDA:168,11,1,0
BRDA:178,12,0,0
BRDA:178,12,1,0
BRDA:186,13,0,0
BRDA:186,13,1,0
BRDA:198,14,0,0
BRDA:198,14,1,0
BRDA:237,15,0,0
BRDA:237,15,1,0
BRDA:237,16,0,0
BRDA:237,16,1,0
BRDA:257,17,0,0
BRDA:257,17,1,0
BRDA:257,18,0,0
BRDA:257,18,1,0
BRDA:265,19,0,0
BRDA:265,19,1,0
BRDA:288,20,0,0
BRDA:288,20,1,0
BRDA:302,21,0,0
BRDA:302,21,1,0
BRDA:302,22,0,0
BRDA:302,22,1,0
BRDA:317,23,0,0
BRDA:317,23,1,0
BRDA:319,24,0,0
BRDA:319,24,1,0
BRDA:330,25,0,0
BRDA:330,25,1,0
BRDA:339,26,0,0
BRDA:339,26,1,0
BRDA:351,27,0,0
BRDA:351,27,1,0
BRDA:379,28,0,1
BRDA:379,28,1,1
BRDA:382,29,0,0
BRDA:382,29,1,1
BRF:60
BRH:12
end_of_record
